ERROR  legendario.log : A folder must be defined for watching
ERROR  legendario.log : A folder must be defined for watching
 INFO  legendario.log : Will look for subtitles on these languages: 
 INFO  legendario.log : ["eng", "por", "spa", "ger"]
 INFO  legendario.log : /home/j/Downloads/Marvels.Jessica.Jones.S01E02.WEBRip.XviD-FUM[ettv]/Marvels.Jessica.Jones.S01E02.WEBRip.XviD-FUM[ettv] .avi
 INFO  legendario.log : Language: eng
DEBUG  legendario.log : * Search subtitles for Marvels.Jessica.Jones.S01E02.WEBRip.XviD-FUM[ettv] 

Something crashed.
Feel free to report the error here: https://github.com/byroot/ruby-osdb/issues
With the following debug informations:

Errno::ENOENT: No such file or directory @ rb_file_s_size - /home/j/Downloads/Marvels.Jessica.Jones.S01E02.WEBRip.XviD-FUM[ettv]/Marvels.Jessica.Jones.S01E02.WEBRip.XviD-FUM[ettv] .avi:
/home/j/.rvm/gems/ruby-2.2.2/gems/osdb-0.2.1/lib/osdb/movie_file.rb:44:in `size'
/home/j/.rvm/gems/ruby-2.2.2/gems/osdb-0.2.1/lib/osdb/movie_file.rb:44:in `compute_hash'
/home/j/.rvm/gems/ruby-2.2.2/gems/osdb-0.2.1/lib/osdb/movie_file.rb:29:in `hash'
/home/j/.rvm/gems/ruby-2.2.2/gems/osdb-0.2.1/lib/osdb/search/movie_hash.rb:12:in `search_subs_for'
/home/j/.rvm/gems/ruby-2.2.2/gems/osdb-0.2.1/lib/osdb/subtitle_finder.rb:13:in `block in find_sub_for'
/home/j/.rvm/gems/ruby-2.2.2/gems/osdb-0.2.1/lib/osdb/subtitle_finder.rb:12:in `each'
/home/j/.rvm/gems/ruby-2.2.2/gems/osdb-0.2.1/lib/osdb/subtitle_finder.rb:12:in `find_sub_for'
/home/j/.rvm/gems/ruby-2.2.2/gems/osdb-0.2.1/bin/getsub:62:in `block in run!'
/home/j/.rvm/gems/ruby-2.2.2/gems/osdb-0.2.1/bin/getsub:53:in `each'
/home/j/.rvm/gems/ruby-2.2.2/gems/osdb-0.2.1/bin/getsub:53:in `run!'
/home/j/.rvm/gems/ruby-2.2.2/gems/osdb-0.2.1/bin/getsub:157:in `<top (required)>'
/home/j/.rvm/gems/ruby-2.2.2/bin/getsub:23:in `load'
/home/j/.rvm/gems/ruby-2.2.2/bin/getsub:23:in `<main>'
/home/j/.rvm/gems/ruby-2.2.2/bin/ruby_executable_hooks:15:in `eval'
/home/j/.rvm/gems/ruby-2.2.2/bin/ruby_executable_hooks:15:in `<main>'

 0
 INFO  legendario.log : Language: por
DEBUG  legendario.log : * Search subtitles for Marvels.Jessica.Jones.S01E02.WEBRip.XviD-FUM[ettv] 

Something crashed.
Feel free to report the error here: https://github.com/byroot/ruby-osdb/issues
With the following debug informations:

Errno::ENOENT: No such file or directory @ rb_file_s_size - /home/j/Downloads/Marvels.Jessica.Jones.S01E02.WEBRip.XviD-FUM[ettv]/Marvels.Jessica.Jones.S01E02.WEBRip.XviD-FUM[ettv] .avi:
/home/j/.rvm/gems/ruby-2.2.2/gems/osdb-0.2.1/lib/osdb/movie_file.rb:44:in `size'
/home/j/.rvm/gems/ruby-2.2.2/gems/osdb-0.2.1/lib/osdb/movie_file.rb:44:in `compute_hash'
/home/j/.rvm/gems/ruby-2.2.2/gems/osdb-0.2.1/lib/osdb/movie_file.rb:29:in `hash'
/home/j/.rvm/gems/ruby-2.2.2/gems/osdb-0.2.1/lib/osdb/search/movie_hash.rb:12:in `search_subs_for'
/home/j/.rvm/gems/ruby-2.2.2/gems/osdb-0.2.1/lib/osdb/subtitle_finder.rb:13:in `block in find_sub_for'
/home/j/.rvm/gems/ruby-2.2.2/gems/osdb-0.2.1/lib/osdb/subtitle_finder.rb:12:in `each'
/home/j/.rvm/gems/ruby-2.2.2/gems/osdb-0.2.1/lib/osdb/subtitle_finder.rb:12:in `find_sub_for'
/home/j/.rvm/gems/ruby-2.2.2/gems/osdb-0.2.1/bin/getsub:62:in `block in run!'
/home/j/.rvm/gems/ruby-2.2.2/gems/osdb-0.2.1/bin/getsub:53:in `each'
/home/j/.rvm/gems/ruby-2.2.2/gems/osdb-0.2.1/bin/getsub:53:in `run!'
/home/j/.rvm/gems/ruby-2.2.2/gems/osdb-0.2.1/bin/getsub:157:in `<top (required)>'
/home/j/.rvm/gems/ruby-2.2.2/bin/getsub:23:in `load'
/home/j/.rvm/gems/ruby-2.2.2/bin/getsub:23:in `<main>'
/home/j/.rvm/gems/ruby-2.2.2/bin/ruby_executable_hooks:15:in `eval'
/home/j/.rvm/gems/ruby-2.2.2/bin/ruby_executable_hooks:15:in `<main>'

 0
 INFO  legendario.log : Language: spa
DEBUG  legendario.log : * Search subtitles for Marvels.Jessica.Jones.S01E02.WEBRip.XviD-FUM[ettv] 

Something crashed.
Feel free to report the error here: https://github.com/byroot/ruby-osdb/issues
With the following debug informations:

Errno::ENOENT: No such file or directory @ rb_file_s_size - /home/j/Downloads/Marvels.Jessica.Jones.S01E02.WEBRip.XviD-FUM[ettv]/Marvels.Jessica.Jones.S01E02.WEBRip.XviD-FUM[ettv] .avi:
/home/j/.rvm/gems/ruby-2.2.2/gems/osdb-0.2.1/lib/osdb/movie_file.rb:44:in `size'
/home/j/.rvm/gems/ruby-2.2.2/gems/osdb-0.2.1/lib/osdb/movie_file.rb:44:in `compute_hash'
/home/j/.rvm/gems/ruby-2.2.2/gems/osdb-0.2.1/lib/osdb/movie_file.rb:29:in `hash'
/home/j/.rvm/gems/ruby-2.2.2/gems/osdb-0.2.1/lib/osdb/search/movie_hash.rb:12:in `search_subs_for'
/home/j/.rvm/gems/ruby-2.2.2/gems/osdb-0.2.1/lib/osdb/subtitle_finder.rb:13:in `block in find_sub_for'
/home/j/.rvm/gems/ruby-2.2.2/gems/osdb-0.2.1/lib/osdb/subtitle_finder.rb:12:in `each'
/home/j/.rvm/gems/ruby-2.2.2/gems/osdb-0.2.1/lib/osdb/subtitle_finder.rb:12:in `find_sub_for'
/home/j/.rvm/gems/ruby-2.2.2/gems/osdb-0.2.1/bin/getsub:62:in `block in run!'
/home/j/.rvm/gems/ruby-2.2.2/gems/osdb-0.2.1/bin/getsub:53:in `each'
/home/j/.rvm/gems/ruby-2.2.2/gems/osdb-0.2.1/bin/getsub:53:in `run!'
/home/j/.rvm/gems/ruby-2.2.2/gems/osdb-0.2.1/bin/getsub:157:in `<top (required)>'
/home/j/.rvm/gems/ruby-2.2.2/bin/getsub:23:in `load'
/home/j/.rvm/gems/ruby-2.2.2/bin/getsub:23:in `<main>'
/home/j/.rvm/gems/ruby-2.2.2/bin/ruby_executable_hooks:15:in `eval'
/home/j/.rvm/gems/ruby-2.2.2/bin/ruby_executable_hooks:15:in `<main>'

 0
 INFO  legendario.log : Language: ger
DEBUG  legendario.log : * Search subtitles for Marvels.Jessica.Jones.S01E02.WEBRip.XviD-FUM[ettv] 

Something crashed.
Feel free to report the error here: https://github.com/byroot/ruby-osdb/issues
With the following debug informations:

Errno::ENOENT: No such file or directory @ rb_file_s_size - /home/j/Downloads/Marvels.Jessica.Jones.S01E02.WEBRip.XviD-FUM[ettv]/Marvels.Jessica.Jones.S01E02.WEBRip.XviD-FUM[ettv] .avi:
/home/j/.rvm/gems/ruby-2.2.2/gems/osdb-0.2.1/lib/osdb/movie_file.rb:44:in `size'
/home/j/.rvm/gems/ruby-2.2.2/gems/osdb-0.2.1/lib/osdb/movie_file.rb:44:in `compute_hash'
/home/j/.rvm/gems/ruby-2.2.2/gems/osdb-0.2.1/lib/osdb/movie_file.rb:29:in `hash'
/home/j/.rvm/gems/ruby-2.2.2/gems/osdb-0.2.1/lib/osdb/search/movie_hash.rb:12:in `search_subs_for'
/home/j/.rvm/gems/ruby-2.2.2/gems/osdb-0.2.1/lib/osdb/subtitle_finder.rb:13:in `block in find_sub_for'
/home/j/.rvm/gems/ruby-2.2.2/gems/osdb-0.2.1/lib/osdb/subtitle_finder.rb:12:in `each'
/home/j/.rvm/gems/ruby-2.2.2/gems/osdb-0.2.1/lib/osdb/subtitle_finder.rb:12:in `find_sub_for'
/home/j/.rvm/gems/ruby-2.2.2/gems/osdb-0.2.1/bin/getsub:62:in `block in run!'
/home/j/.rvm/gems/ruby-2.2.2/gems/osdb-0.2.1/bin/getsub:53:in `each'
/home/j/.rvm/gems/ruby-2.2.2/gems/osdb-0.2.1/bin/getsub:53:in `run!'
/home/j/.rvm/gems/ruby-2.2.2/gems/osdb-0.2.1/bin/getsub:157:in `<top (required)>'
/home/j/.rvm/gems/ruby-2.2.2/bin/getsub:23:in `load'
/home/j/.rvm/gems/ruby-2.2.2/bin/getsub:23:in `<main>'
/home/j/.rvm/gems/ruby-2.2.2/bin/ruby_executable_hooks:15:in `eval'
/home/j/.rvm/gems/ruby-2.2.2/bin/ruby_executable_hooks:15:in `<main>'

 0
 INFO  legendario.log : /home/j/Downloads/Marvels.Jessica.Jones.S01E02.WEBRip.XviD-FUM[ettv]/Marvels.Jessica.Jones.S01E02.WEBRip.XviD-FUM[ettv].avi
 INFO  legendario.log : Language: eng
DEBUG  legendario.log : * Search subtitles for Marvels.Jessica.Jones.S01E02.WEBRip.XviD-FUM[ettv]
* download http://dl.opensubtitles.org/en/download/filead/src-api/vrf-19e30c5f/sid-hpbo2h84dqb03or3fh4p67dp65/1954971828.gz to /home/j/Downloads/Marvels.Jessica.Jones.S01E02.WEBRip.XviD-FUM[ettv]/Marvels.Jessica.Jones.S01E02.WEBRip.XviD-FUM[ettv].eng.srt ... done

 0
 INFO  legendario.log : Language: por
DEBUG  legendario.log : * Search subtitles for Marvels.Jessica.Jones.S01E02.WEBRip.XviD-FUM[ettv]
* download http://dl.opensubtitles.org/en/download/filead/src-api/vrf-19da0c58/sid-p38gl0gf545h1bdtd6qafilth5/1954971803.gz to /home/j/Downloads/Marvels.Jessica.Jones.S01E02.WEBRip.XviD-FUM[ettv]/Marvels.Jessica.Jones.S01E02.WEBRip.XviD-FUM[ettv].por.srt ... done

 0
 INFO  legendario.log : Language: spa
DEBUG  legendario.log : * Search subtitles for Marvels.Jessica.Jones.S01E02.WEBRip.XviD-FUM[ettv]
* download http://dl.opensubtitles.org/en/download/filead/src-api/vrf-19da0c59/sid-bh05u7qcash204slbaphm5hd74/1954972524.gz to /home/j/Downloads/Marvels.Jessica.Jones.S01E02.WEBRip.XviD-FUM[ettv]/Marvels.Jessica.Jones.S01E02.WEBRip.XviD-FUM[ettv].spa.srt ... done

 0
 INFO  legendario.log : Language: ger
DEBUG  legendario.log : * Search subtitles for Marvels.Jessica.Jones.S01E02.WEBRip.XviD-FUM[ettv]
* No sub found

 0
DEBUG  legendario.log : /home/j/Downloads/Marvels.Jessica.Jones.S01E02.WEBRip.XviD-FUM[ettv]/Marvels.Jessica.Jones.S01E02.WEBRip.XviD-FUM[ettv].eng.srt
DEBUG  legendario.log : /home/j/Downloads/Marvels.Jessica.Jones.S01E02.WEBRip.XviD-FUM[ettv]/Marvels.Jessica.Jones.S01E02.WEBRip.XviD-FUM[ettv].srt
DEBUG  legendario.log :  0
DEBUG  legendario.log : /home/j/Downloads/Marvels.Jessica.Jones.S01E02.WEBRip.XviD-FUM[ettv]/Marvels.Jessica.Jones.S01E02.WEBRip.XviD-FUM[ettv].por.srt
DEBUG  legendario.log : /home/j/Downloads/Marvels.Jessica.Jones.S01E02.WEBRip.XviD-FUM[ettv]/Marvels.Jessica.Jones.S01E02.WEBRip.XviD-FUM[ettv].srt
DEBUG  legendario.log :  256
DEBUG  legendario.log : /home/j/Downloads/Marvels.Jessica.Jones.S01E02.WEBRip.XviD-FUM[ettv]/Marvels.Jessica.Jones.S01E02.WEBRip.XviD-FUM[ettv].spa.srt
DEBUG  legendario.log : /home/j/Downloads/Marvels.Jessica.Jones.S01E02.WEBRip.XviD-FUM[ettv]/Marvels.Jessica.Jones.S01E02.WEBRip.XviD-FUM[ettv].srt
DEBUG  legendario.log :  256
